<?xml version="1.0" encoding="UTF-8"?>
<!-- Generated by org.testng.reporters.JUnitReportReporter -->
<testsuite hostname="DESKTOP-UMFHP3H" failures="0" tests="1" name="ms1.s2" time="70.785" errors="0" timestamp="2024-03-29T13:59:28 IST" skipped="0">
  <testcase classname="ms1.s2" name="s1" time="70.785"/>
  <system-out/>
</testsuite> <!-- ms1.s2 -->
