<?xml version="1.0" encoding="UTF-8"?>
<!-- Generated by org.testng.reporters.JUnitReportReporter -->
<testsuite hostname="DESKTOP-UMFHP3H" failures="0" tests="1" name="ms2.s3" time="94.991" errors="0" timestamp="2024-03-29T13:12:23 IST" skipped="0">
  <testcase classname="ms2.s3" name="s1" time="94.991"/>
  <system-out/>
</testsuite> <!-- ms2.s3 -->
