<?xml version="1.0" encoding="UTF-8"?>
<!-- Generated by org.testng.reporters.JUnitReportReporter -->
<testsuite hostname="DESKTOP-UMFHP3H" failures="0" tests="1" name="excel.ec1" time="2.706" errors="0" timestamp="2024-03-29T14:51:38 IST" skipped="0">
  <testcase classname="excel.ec1" name="e1" time="2.706"/>
  <system-out/>
</testsuite> <!-- excel.ec1 -->
