<?xml version="1.0" encoding="UTF-8"?>
<!-- Generated by org.testng.reporters.JUnitReportReporter -->
<testsuite hostname="DESKTOP-UMFHP3H" failures="0" tests="1" name="ms1.s1" time="75.030" errors="0" timestamp="2024-03-29T13:12:23 IST" skipped="0">
  <testcase classname="ms1.s1" name="s3" time="75.030"/>
  <system-out/>
</testsuite> <!-- ms1.s1 -->
